
> course-builder@1.0.0 build
> vite build

[36mvite v6.4.1 [32mbuilding for production...[36m[39m
transforming...
[32m✓[39m 17 modules transformed.
[31m✗[39m Build failed in 379ms
[31merror during build:
[31msrc/data/courses.js (825:9): Identifier "topicContent" has already been declared[31m
file: [36mC:/Users/sindh/Downloads/course-builder/src/data/courses.js:825:9[31m
[33m
823: `;
824: 
825: import { topicContent } from './content';
              ^
826: 
827: function parseJavaData(text) {
[31m
    at getRollupError (file:///C:/Users/sindh/Downloads/course-builder/node_modules/rollup/dist/es/shared/parseAst.js:406:41)
    at error (file:///C:/Users/sindh/Downloads/course-builder/node_modules/rollup/dist/es/shared/parseAst.js:402:42)
    at Module.error (file:///C:/Users/sindh/Downloads/course-builder/node_modules/rollup/dist/es/shared/node-entry.js:17065:16)
    at Module.addImport (file:///C:/Users/sindh/Downloads/course-builder/node_modules/rollup/dist/es/shared/node-entry.js:17592:22)
    at ImportDeclaration.initialise (file:///C:/Users/sindh/Downloads/course-builder/node_modules/rollup/dist/es/shared/node-entry.js:13110:28)
    at convertNode (file:///C:/Users/sindh/Downloads/course-builder/node_modules/rollup/dist/es/shared/node-entry.js:16461:10)
    at convertNodeList (file:///C:/Users/sindh/Downloads/course-builder/node_modules/rollup/dist/es/shared/node-entry.js:16471:38)
    at Array.program (file:///C:/Users/sindh/Downloads/course-builder/node_modules/rollup/dist/es/shared/node-entry.js:16321:21)
    at convertNode (file:///C:/Users/sindh/Downloads/course-builder/node_modules/rollup/dist/es/shared/node-entry.js:16460:28)
    at convertProgram (file:///C:/Users/sindh/Downloads/course-builder/node_modules/rollup/dist/es/shared/node-entry.js:15697:12)[39m
